{"C:\\git_Hub\\skillFactory\\learn-js-andrey\\src\\index.js": {"path":"C:\\git_Hub\\skillFactory\\learn-js-andrey\\src\\index.js","statementMap":{"0":{"start":{"line":2,"column":4},"end":{"line":2,"column":17}}},"fnMap":{"0":{"name":"multiply","decl":{"start":{"line":1,"column":16},"end":{"line":1,"column":24}},"loc":{"start":{"line":1,"column":31},"end":{"line":3,"column":1}},"line":1}},"branchMap":{},"s":{"0":2},"f":{"0":2},"b":{},"_coverageSchema":"1a1c01bbd47fc00a2c39e90264f33305004495a9","hash":"6c69f4b7ad05049b43d411277a461e8e5017986d"}
,"C:\\git_Hub\\skillFactory\\learn-js-andrey\\src\\utils\\definePrime.js": {"path":"C:\\git_Hub\\skillFactory\\learn-js-andrey\\src\\utils\\definePrime.js","statementMap":{"0":{"start":{"line":3,"column":2},"end":{"line":3,"column":17}},"1":{"start":{"line":5,"column":2},"end":{"line":16,"column":3}},"2":{"start":{"line":6,"column":4},"end":{"line":10,"column":5}},"3":{"start":{"line":6,"column":17},"end":{"line":6,"column":18}},"4":{"start":{"line":7,"column":6},"end":{"line":9,"column":7}},"5":{"start":{"line":8,"column":8},"end":{"line":8,"column":24}},"6":{"start":{"line":11,"column":4},"end":{"line":13,"column":41}},"7":{"start":{"line":14,"column":9},"end":{"line":16,"column":3}},"8":{"start":{"line":15,"column":4},"end":{"line":15,"column":30}},"9":{"start":{"line":17,"column":2},"end":{"line":17,"column":16}}},"fnMap":{"0":{"name":"definePrime","decl":{"start":{"line":1,"column":16},"end":{"line":1,"column":27}},"loc":{"start":{"line":1,"column":33},"end":{"line":18,"column":1}},"line":1}},"branchMap":{"0":{"loc":{"start":{"line":5,"column":2},"end":{"line":16,"column":3}},"type":"if","locations":[{"start":{"line":5,"column":2},"end":{"line":16,"column":3}},{"start":{"line":14,"column":9},"end":{"line":16,"column":3}}],"line":5},"1":{"loc":{"start":{"line":5,"column":6},"end":{"line":5,"column":28}},"type":"binary-expr","locations":[{"start":{"line":5,"column":6},"end":{"line":5,"column":13}},{"start":{"line":5,"column":17},"end":{"line":5,"column":28}}],"line":5},"2":{"loc":{"start":{"line":7,"column":6},"end":{"line":9,"column":7}},"type":"if","locations":[{"start":{"line":7,"column":6},"end":{"line":9,"column":7}},{"start":{},"end":{}}],"line":7},"3":{"loc":{"start":{"line":11,"column":13},"end":{"line":13,"column":40}},"type":"cond-expr","locations":[{"start":{"line":12,"column":8},"end":{"line":12,"column":38}},{"start":{"line":13,"column":8},"end":{"line":13,"column":40}}],"line":11},"4":{"loc":{"start":{"line":14,"column":9},"end":{"line":16,"column":3}},"type":"if","locations":[{"start":{"line":14,"column":9},"end":{"line":16,"column":3}},{"start":{},"end":{}}],"line":14},"5":{"loc":{"start":{"line":14,"column":13},"end":{"line":14,"column":34}},"type":"binary-expr","locations":[{"start":{"line":14,"column":13},"end":{"line":14,"column":23}},{"start":{"line":14,"column":27},"end":{"line":14,"column":34}}],"line":14}},"s":{"0":3,"1":3,"2":2,"3":2,"4":31,"5":4,"6":2,"7":1,"8":1,"9":3},"f":{"0":3},"b":{"0":[2,1],"1":[3,3],"2":[4,27],"3":[1,1],"4":[1,0],"5":[1,0]},"_coverageSchema":"1a1c01bbd47fc00a2c39e90264f33305004495a9","hash":"5408393668a7e35a66d4c6f0e59fe1dcf86d3849"}
,"C:\\git_Hub\\skillFactory\\learn-js-andrey\\src\\utils\\revertString.js": {"path":"C:\\git_Hub\\skillFactory\\learn-js-andrey\\src\\utils\\revertString.js","statementMap":{"0":{"start":{"line":2,"column":20},"end":{"line":2,"column":22}},"1":{"start":{"line":4,"column":2},"end":{"line":6,"column":3}},"2":{"start":{"line":4,"column":15},"end":{"line":4,"column":29}},"3":{"start":{"line":5,"column":4},"end":{"line":5,"column":26}},"4":{"start":{"line":7,"column":2},"end":{"line":7,"column":21}}},"fnMap":{"0":{"name":"revertString","decl":{"start":{"line":1,"column":16},"end":{"line":1,"column":28}},"loc":{"start":{"line":1,"column":34},"end":{"line":8,"column":1}},"line":1}},"branchMap":{},"s":{"0":1,"1":1,"2":1,"3":3,"4":1},"f":{"0":1},"b":{},"_coverageSchema":"1a1c01bbd47fc00a2c39e90264f33305004495a9","hash":"c277d8aa04468e5d8d52b56d4b7a2f23dd36858d"}
}
