TN:
SF:src\index.js
FN:1,multiply
FNF:1
FNH:1
FNDA:2,multiply
DA:2,2
LF:1
LH:1
BRF:0
BRH:0
end_of_record
TN:
SF:src\utils\definePrime.js
FN:1,definePrime
FNF:1
FNH:1
FNDA:3,definePrime
DA:3,3
DA:5,3
DA:6,2
DA:7,31
DA:8,4
DA:11,2
DA:14,1
DA:15,1
DA:17,3
LF:9
LH:9
BRDA:5,0,0,2
BRDA:5,0,1,1
BRDA:5,1,0,3
BRDA:5,1,1,3
BRDA:7,2,0,4
BRDA:7,2,1,27
BRDA:11,3,0,1
BRDA:11,3,1,1
BRDA:14,4,0,1
BRDA:14,4,1,0
BRDA:14,5,0,1
BRDA:14,5,1,0
BRF:12
BRH:10
end_of_record
TN:
SF:src\utils\revertString.js
FN:1,revertString
FNF:1
FNH:1
FNDA:1,revertString
DA:2,1
DA:4,1
DA:5,3
DA:7,1
LF:4
LH:4
BRF:0
BRH:0
end_of_record
